--progress is a global compose flag, better use `docker compose --progress xx build ...
#1 [internal] load local bake definitions
#1 reading from stdin 562B done
#1 DONE 0.0s

#2 [internal] load build definition from Dockerfile
#2 transferring dockerfile: 3.65kB done
#2 DONE 0.1s

#3 [internal] load metadata for docker.io/library/node:20-alpine
#3 DONE 3.5s

#4 [internal] load .dockerignore
#4 transferring context: 781B done
#4 DONE 0.1s

#5 [deps 1/7] FROM docker.io/library/node:20-alpine@sha256:f598378b5240225e6beab68fa9f356db1fb8efe55173e6d4d8153113bb8f333c
#5 resolve docker.io/library/node:20-alpine@sha256:f598378b5240225e6beab68fa9f356db1fb8efe55173e6d4d8153113bb8f333c 0.1s done
#5 DONE 0.1s

#6 [internal] load build context
#6 transferring context: 1.13MB 0.1s done
#6 DONE 0.2s

#7 [deps 3/7] RUN sh -c 'attempt=1; until [ "$attempt" -gt 5 ]; do apk add --no-cache openssl ca-certificates && exit 0; echo "apk add failed (attempt $attempt/5), retrying in 10s..."; attempt=$((attempt+1)); sleep 10; done; echo "apk add failed after 5 attempts"; exit 1'
#7 CACHED

#8 [deps 2/7] WORKDIR /app
#8 CACHED

#9 [deps 4/7] COPY package*.json ./
#9 CACHED

#10 [deps 5/7] RUN npm config set fetch-retries 3   && npm config set fetch-retry-mintimeout 10000   && npm config set fetch-retry-maxtimeout 60000   && npm config set fetch-timeout 300000   && npm config set fund false   && npm config set audit false   && npm ci --legacy-peer-deps
#10 23.14 npm warn deprecated rimraf@2.7.1: Rimraf versions prior to v4 are no longer supported
#10 29.76 npm warn deprecated node-domexception@1.0.0: Use your platform's native DOMException instead
#10 35.70 npm warn deprecated lodash.isequal@4.5.0: This package is deprecated. Use require('node:util').isDeepStrictEqual instead.
#10 50.25 npm warn deprecated inflight@1.0.6: This module is not supported, and leaks memory. Do not use it. Check out lru-cache if you want a good and tested way to coalesce async requests by a key value, which is much more comprehensive and powerful.
#10 55.89 npm warn deprecated fstream@1.0.12: This package is no longer supported.
#10 135.5 npm warn deprecated glob@7.2.3: Glob versions prior to v9 are no longer supported
#10 137.7 npm warn deprecated glob@7.2.3: Glob versions prior to v9 are no longer supported
#10 138.4 npm warn deprecated glob@7.2.3: Glob versions prior to v9 are no longer supported
#10 146.9 npm warn deprecated glob@7.2.3: Glob versions prior to v9 are no longer supported
#10 415.6 npm error code ECONNRESET
#10 415.6 npm error network aborted
#10 415.6 npm error network This is a problem related to network connectivity.
#10 415.6 npm error network In most cases you are behind a proxy or have bad network settings.
#10 415.6 npm error network
#10 415.6 npm error network If you are behind a proxy, please make sure that the
#10 415.6 npm error network 'proxy' config is set properly.  See: 'npm help config'
#10 415.6 npm error A complete log of this run can be found in: /root/.npm/_logs/2026-04-05T12_08_37_891Z-debug-0.log
#10 ERROR: process "/bin/sh -c npm config set fetch-retries 3   && npm config set fetch-retry-mintimeout 10000   && npm config set fetch-retry-maxtimeout 60000   && npm config set fetch-timeout 300000   && npm config set fund false   && npm config set audit false   && npm ci --legacy-peer-deps" did not complete successfully: exit code: 1
------
 > [deps 5/7] RUN npm config set fetch-retries 3   && npm config set fetch-retry-mintimeout 10000   && npm config set fetch-retry-maxtimeout 60000   && npm config set fetch-timeout 300000   && npm config set fund false   && npm config set audit false   && npm ci --legacy-peer-deps:
138.4 npm warn deprecated glob@7.2.3: Glob versions prior to v9 are no longer supported
146.9 npm warn deprecated glob@7.2.3: Glob versions prior to v9 are no longer supported
415.6 npm error code ECONNRESET
415.6 npm error network aborted
415.6 npm error network This is a problem related to network connectivity.
415.6 npm error network In most cases you are behind a proxy or have bad network settings.
415.6 npm error network
415.6 npm error network If you are behind a proxy, please make sure that the
415.6 npm error network 'proxy' config is set properly.  See: 'npm help config'
415.6 npm error A complete log of this run can be found in: /root/.npm/_logs/2026-04-05T12_08_37_891Z-debug-0.log
------
failed to solve: process "/bin/sh -c npm config set fetch-retries 3   && npm config set fetch-retry-mintimeout 10000   && npm config set fetch-retry-maxtimeout 60000   && npm config set fetch-timeout 300000   && npm config set fund false   && npm config set audit false   && npm ci --legacy-peer-deps" did not complete successfully: exit code: 1

