--progress is a global compose flag, better use `docker compose --progress xx build ...
#1 [internal] load local bake definitions
#1 reading from stdin 562B done
#1 DONE 0.0s

#2 [internal] load build definition from Dockerfile
#2 transferring dockerfile: 4.60kB done
#2 DONE 0.1s

#3 [internal] load metadata for docker.io/library/node:20-alpine
#3 DONE 2.4s

#4 [internal] load .dockerignore
#4 transferring context: 781B done
#4 DONE 0.0s

#5 [deps 1/7] FROM docker.io/library/node:20-alpine@sha256:f598378b5240225e6beab68fa9f356db1fb8efe55173e6d4d8153113bb8f333c
#5 resolve docker.io/library/node:20-alpine@sha256:f598378b5240225e6beab68fa9f356db1fb8efe55173e6d4d8153113bb8f333c 0.1s done
#5 DONE 0.1s

#6 [internal] load build context
#6 transferring context: 5.71kB 0.0s done
#6 DONE 0.1s

#7 [deps 2/7] WORKDIR /app
#7 CACHED

#8 [deps 3/7] RUN sh -c 'attempt=1; until [ "$attempt" -gt 5 ]; do apk add --no-cache openssl ca-certificates && exit 0; echo "apk add failed (attempt $attempt/5), retrying in 10s..."; attempt=$((attempt+1)); sleep 10; done; echo "apk add failed after 5 attempts"; exit 1'
#8 CACHED

#9 [deps 4/7] COPY package*.json ./
#9 CACHED

#10 [deps 5/7] RUN npm config set fetch-retries 5   && npm config set fetch-retry-mintimeout 20000   && npm config set fetch-retry-maxtimeout 120000   && npm config set fetch-timeout 300000   && npm config set maxsockets 1   && npm config set prefer-offline true   && npm config set fund false   && npm config set audit false   && sh -c 'npm config set registry https://npm.arvancloud.ir/; attempt=1; until [ "$attempt" -gt 3 ]; do npm ci --legacy-peer-deps && exit 0; echo "npm ci failed on arvancloud (attempt $attempt/3), retrying in 20s..."; attempt=$((attempt+1)); sleep 20; done; echo "Switching npm registry to npmmirror..."; npm config set registry https://registry.npmmirror.com/; attempt=1; until [ "$attempt" -gt 2 ]; do npm ci --legacy-peer-deps && exit 0; echo "npm ci failed on npmmirror (attempt $attempt/2), retrying in 20s..."; attempt=$((attempt+1)); sleep 20; done; echo "Switching npm registry to npmjs..."; npm config set registry https://registry.npmjs.org/; attempt=1; until [ "$attempt" -gt 1 ]; do npm ci --legacy-peer-deps && exit 0; echo "npm ci failed on npmjs fallback (attempt $attempt/1), retrying in 20s..."; attempt=$((attempt+1)); sleep 20; done; echo "npm ci failed after all retries"; exit 1'
#10 689.5 npm error code E403
#10 689.5 npm error 403 403 Forbidden - GET https://npm.arvancloud.ir/zod-validation-error/-/zod-validation-error-4.0.2.tgz
#10 689.5 npm error 403 In most cases, you or one of your dependencies are requesting
#10 689.5 npm error 403 a package version that is forbidden by your security policy, or
#10 689.5 npm error 403 on a server you do not have access to.
#10 689.6 npm error A complete log of this run can be found in: /root/.npm/_logs/2026-04-05T12_07_24_566Z-debug-0.log
#10 689.6 npm ci failed on arvancloud (attempt 1/3), retrying in 20s...
#10 1346.3 npm error code E403
#10 1346.3 npm error 403 403 Forbidden - GET https://npm.arvancloud.ir/zod-validation-error/-/zod-validation-error-4.0.2.tgz
#10 1346.3 npm error 403 In most cases, you or one of your dependencies are requesting
#10 1346.3 npm error 403 a package version that is forbidden by your security policy, or
#10 1346.3 npm error 403 on a server you do not have access to.
#10 1346.3 npm error A complete log of this run can be found in: /root/.npm/_logs/2026-04-05T12_19_13_543Z-debug-0.log
#10 1346.3 npm ci failed on arvancloud (attempt 2/3), retrying in 20s...
#10 2050.7 npm error code E403
#10 2050.7 npm error 403 403 Forbidden - GET https://npm.arvancloud.ir/zod-validation-error/-/zod-validation-error-4.0.2.tgz
#10 2050.7 npm error 403 In most cases, you or one of your dependencies are requesting
#10 2050.7 npm error 403 a package version that is forbidden by your security policy, or
#10 2050.7 npm error 403 on a server you do not have access to.
#10 2050.7 npm error A complete log of this run can be found in: /root/.npm/_logs/2026-04-05T12_30_08_828Z-debug-0.log
#10 2050.7 npm ci failed on arvancloud (attempt 3/3), retrying in 20s...
#10 2074.3 Switching npm registry to npmmirror...
#10 2304.5 npm warn deprecated rimraf@2.7.1: Rimraf versions prior to v4 are no longer supported
#10 2542.9 npm warn deprecated node-domexception@1.0.0: Use your platform's native DOMException instead
#10 2958.5 npm warn deprecated lodash.isequal@4.5.0: This package is deprecated. Use require('node:util').isDeepStrictEqual instead.
#10 3192.8 npm warn deprecated inflight@1.0.6: This module is not supported, and leaks memory. Do not use it. Check out lru-cache if you want a good and tested way to coalesce async requests by a key value, which is much more comprehensive and powerful.
#10 3236.6 npm warn deprecated fstream@1.0.12: This package is no longer supported.
#10 5475.5 npm warn deprecated glob@7.2.3: Glob versions prior to v9 are no longer supported
#10 5480.6 npm warn deprecated glob@7.2.3: Glob versions prior to v9 are no longer supported
#10 5481.7 npm warn deprecated glob@7.2.3: Glob versions prior to v9 are no longer supported
#10 5540.8 npm warn deprecated glob@7.2.3: Glob versions prior to v9 are no longer supported
#10 5584.3 npm error code ECONNRESET
#10 5584.3 npm error network aborted
#10 5584.3 npm error network This is a problem related to network connectivity.
#10 5584.3 npm error network In most cases you are behind a proxy or have bad network settings.
#10 5584.3 npm error network
#10 5584.3 npm error network If you are behind a proxy, please make sure that the
#10 5584.3 npm error network 'proxy' config is set properly.  See: 'npm help config'
#10 5584.3 npm error A complete log of this run can be found in: /root/.npm/_logs/2026-04-05T12_41_56_998Z-debug-0.log
#10 5584.3 npm ci failed on npmmirror (attempt 1/2), retrying in 20s...
#10 5611.3 npm warn deprecated inflight@1.0.6: This module is not supported, and leaks memory. Do not use it. Check out lru-cache if you want a good and tested way to coalesce async requests by a key value, which is much more comprehensive and powerful.
#10 5611.4 npm warn deprecated rimraf@2.7.1: Rimraf versions prior to v4 are no longer supported
#10 5611.4 npm warn deprecated lodash.isequal@4.5.0: This package is deprecated. Use require('node:util').isDeepStrictEqual instead.
#10 5611.7 npm warn deprecated glob@7.2.3: Glob versions prior to v9 are no longer supported
#10 5611.7 npm warn deprecated glob@7.2.3: Glob versions prior to v9 are no longer supported
#10 5611.7 npm warn deprecated glob@7.2.3: Glob versions prior to v9 are no longer supported
#10 5611.7 npm warn deprecated glob@7.2.3: Glob versions prior to v9 are no longer supported
#10 5612.1 npm warn deprecated fstream@1.0.12: This package is no longer supported.
#10 5612.3 npm warn deprecated node-domexception@1.0.0: Use your platform's native DOMException instead
#10 6688.8 npm error code ECONNRESET
#10 6688.8 npm error network aborted
#10 6688.8 npm error network This is a problem related to network connectivity.
#10 6688.8 npm error network In most cases you are behind a proxy or have bad network settings.
#10 6688.8 npm error network
#10 6688.8 npm error network If you are behind a proxy, please make sure that the
#10 6688.8 npm error network 'proxy' config is set properly.  See: 'npm help config'
#10 6688.8 npm error A complete log of this run can be found in: /root/.npm/_logs/2026-04-05T13_40_48_319Z-debug-0.log
#10 6688.8 npm ci failed on npmmirror (attempt 2/2), retrying in 20s...
#10 6710.3 Switching npm registry to npmjs...
#10 6716.0 npm warn deprecated inflight@1.0.6: This module is not supported, and leaks memory. Do not use it. Check out lru-cache if you want a good and tested way to coalesce async requests by a key value, which is much more comprehensive and powerful.
#10 6716.1 npm warn deprecated rimraf@2.7.1: Rimraf versions prior to v4 are no longer supported
#10 6716.2 npm warn deprecated lodash.isequal@4.5.0: This package is deprecated. Use require('node:util').isDeepStrictEqual instead.
#10 6716.4 npm warn deprecated glob@7.2.3: Glob versions prior to v9 are no longer supported
#10 6716.4 npm warn deprecated glob@7.2.3: Glob versions prior to v9 are no longer supported
#10 6716.4 npm warn deprecated glob@7.2.3: Glob versions prior to v9 are no longer supported
#10 6716.4 npm warn deprecated glob@7.2.3: Glob versions prior to v9 are no longer supported
#10 6716.9 npm warn deprecated fstream@1.0.12: This package is no longer supported.
#10 6717.1 npm warn deprecated node-domexception@1.0.0: Use your platform's native DOMException instead
#10 7624.2 npm error code ECONNRESET
#10 7624.2 npm error network aborted
#10 7624.2 npm error network This is a problem related to network connectivity.
#10 7624.2 npm error network In most cases you are behind a proxy or have bad network settings.
#10 7624.2 npm error network
#10 7624.2 npm error network If you are behind a proxy, please make sure that the
#10 7624.2 npm error network 'proxy' config is set properly.  See: 'npm help config'
#10 7624.2 npm error A complete log of this run can be found in: /root/.npm/_logs/2026-04-05T13_59_13_054Z-debug-0.log
#10 7624.3 npm ci failed on npmjs fallback (attempt 1/1), retrying in 20s...
#10 7645.0 npm ci failed after all retries
#10 ERROR: process "/bin/sh -c npm config set fetch-retries 5   && npm config set fetch-retry-mintimeout 20000   && npm config set fetch-retry-maxtimeout 120000   && npm config set fetch-timeout 300000   && npm config set maxsockets 1   && npm config set prefer-offline true   && npm config set fund false   && npm config set audit false   && sh -c 'npm config set registry https://npm.arvancloud.ir/; attempt=1; until [ \"$attempt\" -gt 3 ]; do npm ci --legacy-peer-deps && exit 0; echo \"npm ci failed on arvancloud (attempt $attempt/3), retrying in 20s...\"; attempt=$((attempt+1)); sleep 20; done; echo \"Switching npm registry to npmmirror...\"; npm config set registry https://registry.npmmirror.com/; attempt=1; until [ \"$attempt\" -gt 2 ]; do npm ci --legacy-peer-deps && exit 0; echo \"npm ci failed on npmmirror (attempt $attempt/2), retrying in 20s...\"; attempt=$((attempt+1)); sleep 20; done; echo \"Switching npm registry to npmjs...\"; npm config set registry https://registry.npmjs.org/; attempt=1; until [ \"$attempt\" -gt 1 ]; do npm ci --legacy-peer-deps && exit 0; echo \"npm ci failed on npmjs fallback (attempt $attempt/1), retrying in 20s...\"; attempt=$((attempt+1)); sleep 20; done; echo \"npm ci failed after all retries\"; exit 1'" did not complete successfully: exit code: 1
------
 > [deps 5/7] RUN npm config set fetch-retries 5   && npm config set fetch-retry-mintimeout 20000   && npm config set fetch-retry-maxtimeout 120000   && npm config set fetch-timeout 300000   && npm config set maxsockets 1   && npm config set prefer-offline true   && npm config set fund false   && npm config set audit false   && sh -c 'npm config set registry https://npm.arvancloud.ir/; attempt=1; until [ "$attempt" -gt 3 ]; do npm ci --legacy-peer-deps && exit 0; echo "npm ci failed on arvancloud (attempt $attempt/3), retrying in 20s..."; attempt=$((attempt+1)); sleep 20; done; echo "Switching npm registry to npmmirror..."; npm config set registry https://registry.npmmirror.com/; attempt=1; until [ "$attempt" -gt 2 ]; do npm ci --legacy-peer-deps && exit 0; echo "npm ci failed on npmmirror (attempt $attempt/2), retrying in 20s..."; attempt=$((attempt+1)); sleep 20; done; echo "Switching npm registry to npmjs..."; npm config set registry https://registry.npmjs.org/; attempt=1; until [ "$attempt" -gt 1 ]; do npm ci --legacy-peer-deps && exit 0; echo "npm ci failed on npmjs fallback (attempt $attempt/1), retrying in 20s..."; attempt=$((attempt+1)); sleep 20; done; echo "npm ci failed after all retries"; exit 1':
7624.2 npm error code ECONNRESET
7624.2 npm error network aborted
7624.2 npm error network This is a problem related to network connectivity.
7624.2 npm error network In most cases you are behind a proxy or have bad network settings.
7624.2 npm error network
7624.2 npm error network If you are behind a proxy, please make sure that the
7624.2 npm error network 'proxy' config is set properly.  See: 'npm help config'
7624.2 npm error A complete log of this run can be found in: /root/.npm/_logs/2026-04-05T13_59_13_054Z-debug-0.log
7624.3 npm ci failed on npmjs fallback (attempt 1/1), retrying in 20s...
7645.0 npm ci failed after all retries
------
Dockerfile:13

--------------------

  12 |     COPY package*.json ./

  13 | >>> RUN npm config set fetch-retries 5 \

  14 | >>>   && npm config set fetch-retry-mintimeout 20000 \

  15 | >>>   && npm config set fetch-retry-maxtimeout 120000 \

  16 | >>>   && npm config set fetch-timeout 300000 \

  17 | >>>   && npm config set maxsockets 1 \

  18 | >>>   && npm config set prefer-offline true \

  19 | >>>   && npm config set fund false \

  20 | >>>   && npm config set audit false \

  21 | >>>   && sh -c 'npm config set registry https://npm.arvancloud.ir/; attempt=1; until [ "$attempt" -gt 3 ]; do npm ci --legacy-peer-deps && exit 0; echo "npm ci failed on arvancloud (attempt $attempt/3), retrying in 20s..."; attempt=$((attempt+1)); sleep 20; done; echo "Switching npm registry to npmmirror..."; npm config set registry https://registry.npmmirror.com/; attempt=1; until [ "$attempt" -gt 2 ]; do npm ci --legacy-peer-deps && exit 0; echo "npm ci failed on npmmirror (attempt $attempt/2), retrying in 20s..."; attempt=$((attempt+1)); sleep 20; done; echo "Switching npm registry to npmjs..."; npm config set registry https://registry.npmjs.org/; attempt=1; until [ "$attempt" -gt 1 ]; do npm ci --legacy-peer-deps && exit 0; echo "npm ci failed on npmjs fallback (attempt $attempt/1), retrying in 20s..."; attempt=$((attempt+1)); sleep 20; done; echo "npm ci failed after all retries"; exit 1'

  22 |     

--------------------

failed to solve: process "/bin/sh -c npm config set fetch-retries 5   && npm config set fetch-retry-mintimeout 20000   && npm config set fetch-retry-maxtimeout 120000   && npm config set fetch-timeout 300000   && npm config set maxsockets 1   && npm config set prefer-offline true   && npm config set fund false   && npm config set audit false   && sh -c 'npm config set registry https://npm.arvancloud.ir/; attempt=1; until [ \"$attempt\" -gt 3 ]; do npm ci --legacy-peer-deps && exit 0; echo \"npm ci failed on arvancloud (attempt $attempt/3), retrying in 20s...\"; attempt=$((attempt+1)); sleep 20; done; echo \"Switching npm registry to npmmirror...\"; npm config set registry https://registry.npmmirror.com/; attempt=1; until [ \"$attempt\" -gt 2 ]; do npm ci --legacy-peer-deps && exit 0; echo \"npm ci failed on npmmirror (attempt $attempt/2), retrying in 20s...\"; attempt=$((attempt+1)); sleep 20; done; echo \"Switching npm registry to npmjs...\"; npm config set registry https://registry.npmjs.org/; attempt=1; until [ \"$attempt\" -gt 1 ]; do npm ci --legacy-peer-deps && exit 0; echo \"npm ci failed on npmjs fallback (attempt $attempt/1), retrying in 20s...\"; attempt=$((attempt+1)); sleep 20; done; echo \"npm ci failed after all retries\"; exit 1'" did not complete successfully: exit code: 1

